<?xml version="1.0" encoding="UTF-8"?>
<testsuites name="Profile_Kantor_Cabang" time="19.749" tests="2" failures="0" errors="0">
   <testsuite name="Profile_Kantor_Cabang" tests="2" failures="0" errors="0" time="19.749" skipped="0" timestamp="12-09-2025T11:15:01" hostname="Asani - 0000-willy" id="Test Suites/Profile Pemeriksa/Profile_Kantor_Cabang">
      <properties>
         <property name="deviceName" value=""/>
         <property name="devicePlatform"/>
         <property name="logFolder" value="C:\\Users\\Asani\\Documents\\GitHub\\Awasrik-Stagging-2\\Reports\\20250912_111454\\Profile Pemeriksa\\Profile_Kantor_Cabang\\20250912_111454"/>
         <property name="logFiles" value="C:\\Users\\Asani\\Documents\\GitHub\\Awasrik-Stagging-2\\Reports\\20250912_111454\\Profile Pemeriksa\\Profile_Kantor_Cabang\\20250912_111454\\execution0.log"/>
         <property name="attachments" value=""/>
         <property name="hostName" value="Asani - 0000-willy"/>
         <property name="os" value="Windows 11 64bit"/>
         <property name="katalonVersion" value="9.6.0.217"/>
         <property name="browser" value="Chrome 133.0.0.0"/>
         <property name="hostAddress" value="172.120.40.38"/>
         <property name="sessionId" value="3cec3027b399650613e5459ca996abf4"/>
         <property name="seleniumVersion" value="3.141.59"/>
         <property name="proxyInformation" value="ProxyInformation { proxyOption=NO_PROXY, proxyServerType=HTTP, username=, password=********, proxyServerAddress=, proxyServerPort=0, executionList=&quot;&quot;, isApplyToDesiredCapabilities=true }"/>
         <property name="platform" value="Windows 11"/>
      </properties>
      <testcase name="Test Cases/Awasrik/Login/TC-001_Login_User_Valid" time="12.199" classname="Test Cases/Awasrik/Login/TC-001_Login_User_Valid" status="PASSED">
         <system-out><![CDATA[12-09-2025T11:15:02 - [TEST_CASE][PASSED] - Test Cases/Awasrik/Login/TC-001_Login_User_Valid: Test Cases/Awasrik/Login/TC-001_Login_User_Valid

12-09-2025T11:15:03 - [TEST_STEP][PASSED] - openBrowser(""): Browser is opened with url: ''

12-09-2025T11:15:04 - [MESSAGE][INFO] - Starting 'Chrome' driver

12-09-2025T11:15:04 - [MESSAGE][INFO] - Action delay is set to 0 milliseconds

12-09-2025T11:15:07 - [MESSAGE][PASSED] - Browser is opened with url: ''

12-09-2025T11:15:07 - [TEST_STEP][PASSED] - navigateToUrl("https://qc167.bpjs-kesehatan.go.id/awasrik/Home/Login"): Navigate to 'https://qc167.bpjs-kesehatan.go.id/awasrik/Home/Login' successfully

12-09-2025T11:15:10 - [MESSAGE][PASSED] - Navigate to 'https://qc167.bpjs-kesehatan.go.id/awasrik/Home/Login' successfully

12-09-2025T11:15:10 - [TEST_STEP][PASSED] - setText(findTestObject("Object Repository/Page_Awasrik  Log in/input_v 5.2.0_txtusername"), username): Text '08010' is set on object 'Object Repository/Page_Awasrik  Log in/input_v 5.2.0_txtusername'

12-09-2025T11:15:12 - [MESSAGE][PASSED] - Text '08010' is set on object 'Object Repository/Page_Awasrik  Log in/input_v 5.2.0_txtusername'

12-09-2025T11:15:12 - [TEST_STEP][PASSED] - setEncryptedText(findTestObject("Object Repository/Page_Awasrik  Log in/input_Username_txtpassword"), password): Text ****** has been set on object 'Object Repository/Page_Awasrik  Log in/input_Username_txtpassword'

12-09-2025T11:15:12 - [MESSAGE][PASSED] - Text ****** has been set on object 'Object Repository/Page_Awasrik  Log in/input_Username_txtpassword'

12-09-2025T11:15:12 - [TEST_STEP][PASSED] - click(findTestObject("Object Repository/Page_Awasrik  Log in/button_Login")): Object: 'Object Repository/Page_Awasrik  Log in/button_Login' is clicked on

12-09-2025T11:15:13 - [MESSAGE][PASSED] - Object: 'Object Repository/Page_Awasrik  Log in/button_Login' is clicked on

12-09-2025T11:15:13 - [TEST_STEP][PASSED] - verifyTextPresent("Next Project", false): Text 'Next Project' is present on page 

12-09-2025T11:15:14 - [MESSAGE][PASSED] - Text 'Next Project' is present on page]]></system-out>
         <system-err><![CDATA[]]></system-err>
      </testcase>
      <testcase name="Test Cases/Awasrik/Profile Pemeriksa/TC-002_Profile_Kantor_Cabang" time="6.608" classname="Test Cases/Awasrik/Profile Pemeriksa/TC-002_Profile_Kantor_Cabang" status="PASSED">
         <system-out><![CDATA[12-09-2025T11:15:14 - [TEST_CASE][PASSED] - Test Cases/Awasrik/Profile Pemeriksa/TC-002_Profile_Kantor_Cabang: Test Cases/Awasrik/Profile Pemeriksa/TC-002_Profile_Kantor_Cabang

12-09-2025T11:15:15 - [TEST_STEP][PASSED] - click(findTestObject("Object Repository/Page_Awasrik  Selamat Datang/a_Setting")): Object: 'Object Repository/Page_Awasrik  Selamat Datang/a_Setting' is clicked on

12-09-2025T11:15:15 - [MESSAGE][PASSED] - Object: 'Object Repository/Page_Awasrik  Selamat Datang/a_Setting' is clicked on

12-09-2025T11:15:15 - [TEST_STEP][PASSED] - click(findTestObject("Object Repository/Page_Awasrik  Selamat Datang/p_Profile Kantor Cabang")): Object: 'Object Repository/Page_Awasrik  Selamat Datang/p_Profile Kantor Cabang' is clicked on

12-09-2025T11:15:16 - [MESSAGE][PASSED] - Object: 'Object Repository/Page_Awasrik  Selamat Datang/p_Profile Kantor Cabang' is clicked on

12-09-2025T11:15:16 - [TEST_STEP][PASSED] - click(findTestObject("Object Repository/Page_Awasrik  Profile Kantor Cabang/input_Alamat Kantor_alamat_kantor")): Object: 'Object Repository/Page_Awasrik  Profile Kantor Cabang/input_Alamat Kantor_alamat_kantor' is clicked on

12-09-2025T11:15:16 - [MESSAGE][PASSED] - Object: 'Object Repository/Page_Awasrik  Profile Kantor Cabang/input_Alamat Kantor_alamat_kantor' is clicked on

12-09-2025T11:15:16 - [TEST_STEP][PASSED] - doubleClick(findTestObject("Object Repository/Page_Awasrik  Profile Kantor Cabang/input_Alamat Kantor_alamat_kantor")): Object: 'Object Repository/Page_Awasrik  Profile Kantor Cabang/input_Alamat Kantor_alamat_kantor' is double clicked on

12-09-2025T11:15:17 - [MESSAGE][PASSED] - Object: 'Object Repository/Page_Awasrik  Profile Kantor Cabang/input_Alamat Kantor_alamat_kantor' is double clicked on

12-09-2025T11:15:17 - [TEST_STEP][PASSED] - setText(findTestObject("Object Repository/Page_Awasrik  Profile Kantor Cabang/input_Alamat Kantor_alamat_kantor"), "Jakarta"): Text 'Jakarta' is set on object 'Object Repository/Page_Awasrik  Profile Kantor Cabang/input_Alamat Kantor_alamat_kantor'

12-09-2025T11:15:18 - [MESSAGE][PASSED] - Text 'Jakarta' is set on object 'Object Repository/Page_Awasrik  Profile Kantor Cabang/input_Alamat Kantor_alamat_kantor'

12-09-2025T11:15:18 - [TEST_STEP][PASSED] - setText(findTestObject("Object Repository/Page_Awasrik  Profile Kantor Cabang/input_Nama Kepala Bagian_nm_kabag"), "Sudirman"): Text 'Sudirman' is set on object 'Object Repository/Page_Awasrik  Profile Kantor Cabang/input_Nama Kepala Bagian_nm_kabag'

12-09-2025T11:15:18 - [MESSAGE][PASSED] - Text 'Sudirman' is set on object 'Object Repository/Page_Awasrik  Profile Kantor Cabang/input_Nama Kepala Bagian_nm_kabag'

12-09-2025T11:15:18 - [TEST_STEP][PASSED] - setText(findTestObject("Object Repository/Page_Awasrik  Profile Kantor Cabang/input_Nama Kepala Cabang_nm_kacab"), "Widia Susanti"): Text 'Widia Susanti' is set on object 'Object Repository/Page_Awasrik  Profile Kantor Cabang/input_Nama Kepala Cabang_nm_kacab'

12-09-2025T11:15:19 - [MESSAGE][PASSED] - Text 'Widia Susanti' is set on object 'Object Repository/Page_Awasrik  Profile Kantor Cabang/input_Nama Kepala Cabang_nm_kacab'

12-09-2025T11:15:19 - [TEST_STEP][PASSED] - click(findTestObject("Object Repository/Page_Awasrik  Profile Kantor Cabang/button_Simpan")): Object: 'Object Repository/Page_Awasrik  Profile Kantor Cabang/button_Simpan' is clicked on

12-09-2025T11:15:20 - [MESSAGE][PASSED] - Object: 'Object Repository/Page_Awasrik  Profile Kantor Cabang/button_Simpan' is clicked on

12-09-2025T11:15:20 - [TEST_STEP][PASSED] - waitForElementVisible(findTestObject("Object Repository/Page_Awasrik  Profile Pemeriksa/h2_Proses Berhasil"), 10): Object 'Object Repository/Page_Awasrik  Profile Pemeriksa/h2_Proses Berhasil' is visible

12-09-2025T11:15:20 - [MESSAGE][PASSED] - Object 'Object Repository/Page_Awasrik  Profile Pemeriksa/h2_Proses Berhasil' is visible

12-09-2025T11:15:20 - [TEST_STEP][PASSED] - verifyElementText(findTestObject("Object Repository/Page_Awasrik  Profile Pemeriksa/h2_Proses Berhasil"), "Proses Berhasil"): Actual text and expected text of test object 'Object Repository/Page_Awasrik  Profile Pemeriksa/h2_Proses Berhasil' are matched.

12-09-2025T11:15:21 - [MESSAGE][PASSED] - Actual text and expected text of test object 'Object Repository/Page_Awasrik  Profile Pemeriksa/h2_Proses Berhasil' are matched.

12-09-2025T11:15:21 - [TEST_STEP][PASSED] - click(findTestObject("Object Repository/Page_Awasrik  Profile Kantor Cabang/button_OK")): Object: 'Object Repository/Page_Awasrik  Profile Kantor Cabang/button_OK' is clicked on

12-09-2025T11:15:21 - [MESSAGE][PASSED] - Object: 'Object Repository/Page_Awasrik  Profile Kantor Cabang/button_OK' is clicked on]]></system-out>
         <system-err><![CDATA[]]></system-err>
      </testcase>
      <system-out><![CDATA[12-09-2025T11:15:01 - [TEST_SUITE][PASSED] - Profile_Kantor_Cabang: Test Cases/Awasrik/Profile Pemeriksa/TC-002_Profile_Kantor_Cabang]]></system-out>
      <system-err><![CDATA[]]></system-err>
   </testsuite>
</testsuites>
